{"/home/hiahir/Documents/udemy/React/rest_api_node_ts/src/router.ts": {"path":"/home/hiahir/Documents/udemy/React/rest_api_node_ts/src/router.ts","statementMap":{"0":{"start":{"line":1,"column":0},"end":{"line":1,"column":33}},"1":{"start":{"line":2,"column":0},"end":{"line":2,"column":48}},"2":{"start":{"line":3,"column":0},"end":{"line":3,"column":130}},"3":{"start":{"line":4,"column":0},"end":{"line":4,"column":50}},"4":{"start":{"line":7,"column":15},"end":{"line":7,"column":23}},"5":{"start":{"line":10,"column":0},"end":{"line":10,"column":null}},"6":{"start":{"line":12,"column":0},"end":{"line":22,"column":null}},"7":{"start":{"line":19,"column":25},"end":{"line":19,"column":34}},"8":{"start":{"line":24,"column":0},"end":{"line":28,"column":null}},"9":{"start":{"line":31,"column":0},"end":{"line":44,"column":null}},"10":{"start":{"line":39,"column":25},"end":{"line":39,"column":34}},"11":{"start":{"line":46,"column":0},"end":{"line":50,"column":null}},"12":{"start":{"line":52,"column":0},"end":{"line":56,"column":null}},"13":{"start":{"line":58,"column":0},"end":{"line":58,"column":null}}},"fnMap":{"0":{"name":"(anonymous_0)","decl":{"start":{"line":19,"column":16},"end":{"line":19,"column":21}},"loc":{"start":{"line":19,"column":25},"end":{"line":19,"column":34}}},"1":{"name":"(anonymous_1)","decl":{"start":{"line":39,"column":16},"end":{"line":39,"column":21}},"loc":{"start":{"line":39,"column":25},"end":{"line":39,"column":34}}}},"branchMap":{},"s":{"0":2,"1":2,"2":2,"3":2,"4":2,"5":2,"6":2,"7":4,"8":2,"9":2,"10":5,"11":2,"12":2,"13":2},"f":{"0":4,"1":5},"b":{}}
,"/home/hiahir/Documents/udemy/React/rest_api_node_ts/src/server.ts": {"path":"/home/hiahir/Documents/udemy/React/rest_api_node_ts/src/server.ts","statementMap":{"0":{"start":{"line":1,"column":0},"end":{"line":1,"column":29}},"1":{"start":{"line":2,"column":0},"end":{"line":2,"column":27}},"2":{"start":{"line":3,"column":0},"end":{"line":3,"column":29}},"3":{"start":{"line":4,"column":0},"end":{"line":4,"column":28}},"4":{"start":{"line":9,"column":4},"end":{"line":16,"column":5}},"5":{"start":{"line":10,"column":8},"end":{"line":10,"column":null}},"6":{"start":{"line":11,"column":8},"end":{"line":11,"column":null}},"7":{"start":{"line":14,"column":8},"end":{"line":14,"column":null}},"8":{"start":{"line":15,"column":8},"end":{"line":15,"column":null}},"9":{"start":{"line":8,"column":0},"end":{"line":8,"column":7}},"10":{"start":{"line":19,"column":0},"end":{"line":19,"column":null}},"11":{"start":{"line":22,"column":15},"end":{"line":22,"column":24}},"12":{"start":{"line":25,"column":0},"end":{"line":25,"column":null}},"13":{"start":{"line":28,"column":0},"end":{"line":28,"column":null}},"14":{"start":{"line":31,"column":0},"end":{"line":31,"column":null}}},"fnMap":{"0":{"name":"connectDb","decl":{"start":{"line":8,"column":22},"end":{"line":8,"column":31}},"loc":{"start":{"line":8,"column":31},"end":{"line":17,"column":1}}}},"branchMap":{},"s":{"0":2,"1":2,"2":2,"3":2,"4":3,"5":3,"6":2,"7":1,"8":1,"9":2,"10":2,"11":2,"12":2,"13":2,"14":2},"f":{"0":3},"b":{}}
,"/home/hiahir/Documents/udemy/React/rest_api_node_ts/src/config/db.ts": {"path":"/home/hiahir/Documents/udemy/React/rest_api_node_ts/src/config/db.ts","statementMap":{"0":{"start":{"line":1,"column":0},"end":{"line":1,"column":49}},"1":{"start":{"line":2,"column":0},"end":{"line":2,"column":27}},"2":{"start":{"line":4,"column":0},"end":{"line":4,"column":null}},"3":{"start":{"line":6,"column":11},"end":{"line":9,"column":2}},"4":{"start":{"line":11,"column":0},"end":{"line":11,"column":null}}},"fnMap":{},"branchMap":{},"s":{"0":2,"1":2,"2":2,"3":2,"4":2},"f":{},"b":{}}
,"/home/hiahir/Documents/udemy/React/rest_api_node_ts/src/handlers/product.ts": {"path":"/home/hiahir/Documents/udemy/React/rest_api_node_ts/src/handlers/product.ts","statementMap":{"0":{"start":{"line":4,"column":0},"end":{"line":4,"column":45}},"1":{"start":{"line":8,"column":27},"end":{"line":23,"column":1}},"2":{"start":{"line":9,"column":4},"end":{"line":22,"column":5}},"3":{"start":{"line":10,"column":25},"end":{"line":18,"column":10}},"4":{"start":{"line":19,"column":8},"end":{"line":19,"column":null}},"5":{"start":{"line":21,"column":8},"end":{"line":21,"column":null}},"6":{"start":{"line":8,"column":13},"end":{"line":8,"column":27}},"7":{"start":{"line":25,"column":30},"end":{"line":40,"column":1}},"8":{"start":{"line":26,"column":4},"end":{"line":39,"column":5}},"9":{"start":{"line":27,"column":23},"end":{"line":27,"column":33}},"10":{"start":{"line":28,"column":24},"end":{"line":28,"column":50}},"11":{"start":{"line":30,"column":8},"end":{"line":34,"column":9}},"12":{"start":{"line":31,"column":12},"end":{"line":33,"column":null}},"13":{"start":{"line":36,"column":8},"end":{"line":36,"column":null}},"14":{"start":{"line":38,"column":8},"end":{"line":38,"column":null}},"15":{"start":{"line":25,"column":13},"end":{"line":25,"column":30}},"16":{"start":{"line":42,"column":29},"end":{"line":57,"column":1}},"17":{"start":{"line":51,"column":4},"end":{"line":56,"column":5}},"18":{"start":{"line":52,"column":24},"end":{"line":52,"column":54}},"19":{"start":{"line":53,"column":8},"end":{"line":53,"column":null}},"20":{"start":{"line":55,"column":8},"end":{"line":55,"column":null}},"21":{"start":{"line":42,"column":13},"end":{"line":42,"column":29}},"22":{"start":{"line":59,"column":29},"end":{"line":78,"column":1}},"23":{"start":{"line":60,"column":4},"end":{"line":77,"column":5}},"24":{"start":{"line":61,"column":23},"end":{"line":61,"column":33}},"25":{"start":{"line":62,"column":24},"end":{"line":62,"column":50}},"26":{"start":{"line":64,"column":8},"end":{"line":68,"column":9}},"27":{"start":{"line":65,"column":12},"end":{"line":67,"column":null}},"28":{"start":{"line":70,"column":8},"end":{"line":70,"column":null}},"29":{"start":{"line":71,"column":8},"end":{"line":71,"column":null}},"30":{"start":{"line":73,"column":8},"end":{"line":73,"column":null}},"31":{"start":{"line":76,"column":8},"end":{"line":76,"column":null}},"32":{"start":{"line":59,"column":13},"end":{"line":59,"column":29}},"33":{"start":{"line":80,"column":34},"end":{"line":100,"column":1}},"34":{"start":{"line":81,"column":4},"end":{"line":98,"column":5}},"35":{"start":{"line":82,"column":23},"end":{"line":82,"column":33}},"36":{"start":{"line":83,"column":24},"end":{"line":83,"column":50}},"37":{"start":{"line":85,"column":8},"end":{"line":89,"column":9}},"38":{"start":{"line":86,"column":12},"end":{"line":88,"column":null}},"39":{"start":{"line":91,"column":8},"end":{"line":91,"column":64}},"40":{"start":{"line":92,"column":8},"end":{"line":92,"column":null}},"41":{"start":{"line":94,"column":8},"end":{"line":94,"column":null}},"42":{"start":{"line":97,"column":8},"end":{"line":97,"column":null}},"43":{"start":{"line":80,"column":13},"end":{"line":80,"column":34}},"44":{"start":{"line":102,"column":29},"end":{"line":120,"column":1}},"45":{"start":{"line":103,"column":4},"end":{"line":118,"column":5}},"46":{"start":{"line":104,"column":23},"end":{"line":104,"column":33}},"47":{"start":{"line":105,"column":24},"end":{"line":105,"column":50}},"48":{"start":{"line":107,"column":8},"end":{"line":111,"column":9}},"49":{"start":{"line":108,"column":12},"end":{"line":110,"column":null}},"50":{"start":{"line":113,"column":8},"end":{"line":113,"column":null}},"51":{"start":{"line":114,"column":8},"end":{"line":114,"column":null}},"52":{"start":{"line":117,"column":8},"end":{"line":117,"column":null}},"53":{"start":{"line":102,"column":13},"end":{"line":102,"column":29}}},"fnMap":{"0":{"name":"(anonymous_1)","decl":{"start":{"line":8,"column":27},"end":{"line":8,"column":32}},"loc":{"start":{"line":8,"column":67},"end":{"line":23,"column":1}}},"1":{"name":"(anonymous_2)","decl":{"start":{"line":25,"column":30},"end":{"line":25,"column":35}},"loc":{"start":{"line":25,"column":70},"end":{"line":40,"column":1}}},"2":{"name":"(anonymous_3)","decl":{"start":{"line":42,"column":29},"end":{"line":42,"column":34}},"loc":{"start":{"line":42,"column":69},"end":{"line":57,"column":1}}},"3":{"name":"(anonymous_4)","decl":{"start":{"line":59,"column":29},"end":{"line":59,"column":34}},"loc":{"start":{"line":59,"column":69},"end":{"line":78,"column":1}}},"4":{"name":"(anonymous_5)","decl":{"start":{"line":80,"column":34},"end":{"line":80,"column":39}},"loc":{"start":{"line":80,"column":74},"end":{"line":100,"column":1}}},"5":{"name":"(anonymous_6)","decl":{"start":{"line":102,"column":29},"end":{"line":102,"column":34}},"loc":{"start":{"line":102,"column":69},"end":{"line":120,"column":1}}}},"branchMap":{"0":{"loc":{"start":{"line":30,"column":8},"end":{"line":34,"column":9}},"type":"if","locations":[{"start":{"line":30,"column":8},"end":{"line":34,"column":9}}]},"1":{"loc":{"start":{"line":64,"column":8},"end":{"line":68,"column":9}},"type":"if","locations":[{"start":{"line":64,"column":8},"end":{"line":68,"column":9}}]},"2":{"loc":{"start":{"line":85,"column":8},"end":{"line":89,"column":9}},"type":"if","locations":[{"start":{"line":85,"column":8},"end":{"line":89,"column":9}}]},"3":{"loc":{"start":{"line":107,"column":8},"end":{"line":111,"column":9}},"type":"if","locations":[{"start":{"line":107,"column":8},"end":{"line":111,"column":9}}]}},"s":{"0":2,"1":2,"2":2,"3":2,"4":2,"5":0,"6":2,"7":2,"8":2,"9":2,"10":2,"11":2,"12":1,"13":1,"14":0,"15":2,"16":2,"17":1,"18":1,"19":1,"20":0,"21":2,"22":2,"23":2,"24":2,"25":2,"26":2,"27":1,"28":1,"29":1,"30":1,"31":0,"32":2,"33":2,"34":2,"35":2,"36":2,"37":2,"38":1,"39":1,"40":1,"41":1,"42":0,"43":2,"44":2,"45":2,"46":2,"47":2,"48":2,"49":1,"50":1,"51":1,"52":0,"53":2},"f":{"0":2,"1":2,"2":1,"3":2,"4":2,"5":2},"b":{"0":[1],"1":[1],"2":[1],"3":[1]}}
,"/home/hiahir/Documents/udemy/React/rest_api_node_ts/src/middlewares/index.ts": {"path":"/home/hiahir/Documents/udemy/React/rest_api_node_ts/src/middlewares/index.ts","statementMap":{"0":{"start":{"line":2,"column":0},"end":{"line":2,"column":52}},"1":{"start":{"line":5,"column":33},"end":{"line":11,"column":1}},"2":{"start":{"line":6,"column":17},"end":{"line":6,"column":38}},"3":{"start":{"line":7,"column":4},"end":{"line":9,"column":5}},"4":{"start":{"line":8,"column":8},"end":{"line":8,"column":null}},"5":{"start":{"line":10,"column":4},"end":{"line":10,"column":null}},"6":{"start":{"line":5,"column":13},"end":{"line":5,"column":33}}},"fnMap":{"0":{"name":"(anonymous_0)","decl":{"start":{"line":5,"column":33},"end":{"line":5,"column":34}},"loc":{"start":{"line":5,"column":88},"end":{"line":11,"column":1}}}},"branchMap":{"0":{"loc":{"start":{"line":7,"column":4},"end":{"line":9,"column":5}},"type":"if","locations":[{"start":{"line":7,"column":4},"end":{"line":9,"column":5}}]}},"s":{"0":2,"1":2,"2":18,"3":18,"4":9,"5":9,"6":2},"f":{"0":18},"b":{"0":[9]}}
,"/home/hiahir/Documents/udemy/React/rest_api_node_ts/src/models/Product.model.ts": {"path":"/home/hiahir/Documents/udemy/React/rest_api_node_ts/src/models/Product.model.ts","statementMap":{"0":{"start":{"line":1,"column":0},"end":{"line":1,"column":79}},"1":{"start":{"line":7,"column":0},"end":{"line":23,"column":null}},"2":{"start":{"line":11,"column":12},"end":{"line":11,"column":null}},"3":{"start":{"line":16,"column":12},"end":{"line":16,"column":null}},"4":{"start":{"line":22,"column":12},"end":{"line":22,"column":null}},"5":{"start":{"line":7,"column":6},"end":{"line":23,"column":null}},"6":{"start":{"line":25,"column":0},"end":{"line":25,"column":null}}},"fnMap":{},"branchMap":{},"s":{"0":3,"1":3,"2":3,"3":3,"4":3,"5":3,"6":3},"f":{},"b":{}}
}
